<?xml version="1.0" encoding="utf-8"?><testsuites name="pytest tests"><testsuite name="pytest" errors="0" failures="0" skipped="0" tests="12" time="3.783" timestamp="2026-06-05T21:06:10.140816+00:00" hostname="agent-env-5f5770ec-b9c2-4cd9-b494-24fcda4b32b0"><testcase classname="backend.tests.test_calendar_schedules.TestAuth" name="test_login_admin" time="0.442" /><testcase classname="backend.tests.test_calendar_schedules.TestListSchedules" name="test_list_all" time="0.505" /><testcase classname="backend.tests.test_calendar_schedules.TestListSchedules" name="test_list_filter_supervision" time="0.135" /><testcase classname="backend.tests.test_calendar_schedules.TestListSchedules" name="test_invalid_schedule_type_400" time="0.119" /><testcase classname="backend.tests.test_calendar_schedules.TestCoexistence" name="test_create_three_types_independent" time="0.944" /><testcase classname="backend.tests.test_calendar_schedules.TestCoexistence" name="test_delete_only_auditoria" time="0.474" /><testcase classname="backend.tests.test_calendar_schedules.TestEvents" name="test_events_filter_types" time="0.131" /><testcase classname="backend.tests.test_calendar_schedules.TestEvents" name="test_events_invalid_type_400" time="0.119" /><testcase classname="backend.tests.test_calendar_schedules.TestProcessesWithoutSchedule" name="test_without_auditoria_includes_only_ejecucion_procs" time="0.112" /><testcase classname="backend.tests.test_calendar_schedules.TestProcessesWithoutSchedule" name="test_invalid_type_400" time="0.108" /><testcase classname="backend.tests.test_calendar_schedules.TestLegacyCompat" name="test_legacy_treated_as_ejecucion" time="0.122" /><testcase classname="backend.tests.test_calendar_schedules" name="test_zz_cleanup" time="0.345" /></testsuite></testsuites>